#
# A fatal error has been detected by the Java Runtime Environment:
#
#  EXCEPTION_ACCESS_VIOLATION (0xc0000005) at pc=0x6d0b71e0, pid=4944, tid=2408
#
# JRE version: 6.0_29-b11
# Java VM: Java HotSpot(TM) Client VM (20.4-b02 mixed mode, sharing windows-x86 )
# Problematic frame:
# C  [awt.dll+0xb71e0]
#
# If you would like to submit a bug report, please visit:
#   http://java.sun.com/webapps/bugreport/crash.jsp
# The crash happened outside the Java Virtual Machine in native code.
# See problematic frame for where to report the bug.
#

---------------  T H R E A D  ---------------

Current thread (0x00e0e400):  JavaThread "AWT-Windows" daemon [_thread_in_native, id=2408, stack(0x036d0000,0x03720000)]

siginfo: ExceptionCode=0xc0000005, reading address 0x00000000

Registers:
EAX=0x0371f794, EBX=0x00e18cc8, ECX=0x0000035c, EDX=0x00000180
ESP=0x0371f77c, EBP=0x0371f928, ESI=0x00000000, EDI=0x00000180
EIP=0x6d0b71e0, EFLAGS=0x00010202

Top of Stack: (sp=0x0371f77c)
0x0371f77c:   0371f794 00001000 000004a0 00e0e9a0
0x0371f78c:   000002fc 000004a0 00e0e9a0 6d0af40b
0x0371f79c:   00000000 00e0ec30 00e0e9a0 00e0e9a0
0x0371f7ac:   0371f78c 0371f928 000002fc 000004a0
0x0371f7bc:   00e0e9a0 6d0b2dcf 44940000 443f0000
0x0371f7cc:   000004a0 000002fc 00e0ec1c 6d0b3891
0x0371f7dc:   6d0b3d2d 00000000 00000024 000004a0
0x0371f7ec:   000002fc 00009825 00e0e528 00000001 

Instructions: (pc=0x6d0b71e0)
0x6d0b71c0:   d8 56 8b b3 10 a0 00 00 1b c0 57 25 00 f0 ff ff
0x6d0b71d0:   05 00 20 00 00 50 c1 e2 05 8d 44 24 14 50 8b fa
0x6d0b71e0:   8b 16 57 c1 e1 05 51 56 ff 52 2c 85 c0 0f 8c 93
0x6d0b71f0:   00 00 00 8b 53 04 8b cf 8b 7c 24 10 8b c1 c1 e9 


Register to memory mapping:

EAX=0x0371f794 is pointing into the stack for thread: 0x00e0e400
EBX=0x00e18cc8 is an unknown value
ECX=0x0000035c is an unknown value
EDX=0x00000180 is an unknown value
ESP=0x0371f77c is pointing into the stack for thread: 0x00e0e400
EBP=0x0371f928 is pointing into the stack for thread: 0x00e0e400
ESI=0x00000000 is an unknown value
EDI=0x00000180 is an unknown value


Stack: [0x036d0000,0x03720000],  sp=0x0371f77c,  free space=317k
Native frames: (J=compiled Java code, j=interpreted, Vv=VM code, C=native code)
C  [awt.dll+0xb71e0]  D3DVertexCacher::Render+0x50
C  [awt.dll+0x9ce6a]  Java_sun_awt_windows_WToolkit_loadSystemColors+0x94a
C  [USER32.dll+0x21a10]  GetMessageW+0x6e
C  [USER32.dll+0x21ae8]  GetMessageW+0x146
C  [USER32.dll+0x21c03]  GetMessageW+0x261
C  [USER32.dll+0x23656]  OffsetRect+0x4d
C  [ntdll.dll+0x60e6e]  KiUserCallbackDispatcher+0x2e
C  [USER32.dll+0x1c5cd]  MsgWaitForMultipleObjectsEx+0xc5

Java frames: (J=compiled Java code, j=interpreted, Vv=VM code)
j  sun.awt.windows.WToolkit.eventLoop()V+0
j  sun.awt.windows.WToolkit.run()V+52
j  java.lang.Thread.run()V+11
v  ~StubRoutines::call_stub

---------------  P R O C E S S  ---------------

Java Threads: ( => current thread )
  0x06283c00 JavaThread "TimerQueue" daemon [_thread_blocked, id=5668, stack(0x07ef0000,0x07f40000)]
  0x06248400 JavaThread "D3D Screen Updater" daemon [_thread_blocked, id=4140, stack(0x05e80000,0x05ed0000)]
  0x00d29800 JavaThread "DestroyJavaVM" [_thread_blocked, id=3028, stack(0x007b0000,0x00800000)]
  0x06213000 JavaThread "Swing-Shell" daemon [_thread_blocked, id=1316, stack(0x06480000,0x064d0000)]
  0x0620e000 JavaThread "AWT-EventQueue-0" [_thread_in_native, id=5376, stack(0x06430000,0x06480000)]
=>0x00e0e400 JavaThread "AWT-Windows" daemon [_thread_in_native, id=2408, stack(0x036d0000,0x03720000)]
  0x00e0dc00 JavaThread "AWT-Shutdown" [_thread_blocked, id=4296, stack(0x03640000,0x03690000)]
  0x00e0b000 JavaThread "Java2D Disposer" daemon [_thread_blocked, id=5288, stack(0x035f0000,0x03640000)]
  0x00db4400 JavaThread "Low Memory Detector" daemon [_thread_blocked, id=160, stack(0x034a0000,0x034f0000)]
  0x00daac00 JavaThread "C1 CompilerThread0" daemon [_thread_blocked, id=5152, stack(0x03450000,0x034a0000)]
  0x00da9c00 JavaThread "Attach Listener" daemon [_thread_blocked, id=4920, stack(0x03400000,0x03450000)]
  0x00da8c00 JavaThread "Signal Dispatcher" daemon [_thread_blocked, id=5848, stack(0x033b0000,0x03400000)]
  0x00da0800 JavaThread "Finalizer" daemon [_thread_blocked, id=1272, stack(0x03360000,0x033b0000)]
  0x00d9bc00 JavaThread "Reference Handler" daemon [_thread_blocked, id=4680, stack(0x03310000,0x03360000)]

Other Threads:
  0x00d60000 VMThread [stack: 0x032c0000,0x03310000] [id=5332]
  0x00db6000 WatcherThread [stack: 0x034f0000,0x03540000] [id=440]

VM state:not at safepoint (normal execution)

VM Mutex/Monitor currently owned by a thread: None

Heap
 def new generation   total 4928K, used 3690K [0x23280000, 0x237d0000, 0x287d0000)
  eden space 4416K,  83% used [0x23280000, 0x23619550, 0x236d0000)
  from space 512K,   0% used [0x236d0000, 0x236d1330, 0x23750000)
  to   space 512K,   0% used [0x23750000, 0x23750000, 0x237d0000)
 tenured generation   total 10944K, used 718K [0x287d0000, 0x29280000, 0x33280000)
   the space 10944K,   6% used [0x287d0000, 0x288839f8, 0x28883a00, 0x29280000)
 compacting perm gen  total 12288K, used 977K [0x33280000, 0x33e80000, 0x37280000)
   the space 12288K,   7% used [0x33280000, 0x33374660, 0x33374800, 0x33e80000)
    ro space 10240K,  51% used [0x37280000, 0x377ad0b8, 0x377ad200, 0x37c80000)
    rw space 12288K,  54% used [0x37c80000, 0x38319570, 0x38319600, 0x38880000)

Code Cache  [0x011b0000, 0x01288000, 0x031b0000)
 total_blobs=515 nmethods=297 adapters=154 free_code_cache=32672768 largest_free_block=0

Dynamic libraries:
0x00400000 - 0x00424000 	C:\Program Files\Java\jre6\bin\javaw.exe
0x77b30000 - 0x77c4e000 	C:\Windows\system32\ntdll.dll
0x77860000 - 0x77938000 	C:\Windows\system32\kernel32.dll
0x77a70000 - 0x77b2f000 	C:\Windows\system32\ADVAPI32.dll
0x773e0000 - 0x774a3000 	C:\Windows\system32\RPCRT4.dll
0x77710000 - 0x777ae000 	C:\Windows\system32\USER32.dll
0x77370000 - 0x773bb000 	C:\Windows\system32\GDI32.dll
0x773c0000 - 0x773de000 	C:\Windows\system32\IMM32.DLL
0x765b0000 - 0x76677000 	C:\Windows\system32\MSCTF.dll
0x77c70000 - 0x77d1a000 	C:\Windows\system32\msvcrt.dll
0x77c60000 - 0x77c69000 	C:\Windows\system32\LPK.DLL
0x77600000 - 0x7767d000 	C:\Windows\system32\USP10.dll
0x7c340000 - 0x7c396000 	C:\Program Files\Java\jre6\bin\msvcr71.dll
0x6d7f0000 - 0x6da9f000 	C:\Program Files\Java\jre6\bin\client\jvm.dll
0x74940000 - 0x74973000 	C:\Windows\system32\WINMM.dll
0x774b0000 - 0x775f4000 	C:\Windows\system32\ole32.dll
0x77680000 - 0x7770c000 	C:\Windows\system32\OLEAUT32.dll
0x74900000 - 0x74938000 	C:\Windows\system32\OLEACC.dll
0x76210000 - 0x7623c000 	C:\Windows\system32\apphelp.dll
0x6d7a0000 - 0x6d7ac000 	C:\Program Files\Java\jre6\bin\verify.dll
0x6d320000 - 0x6d33f000 	C:\Program Files\Java\jre6\bin\java.dll
0x6d7e0000 - 0x6d7ef000 	C:\Program Files\Java\jre6\bin\zip.dll
0x6d000000 - 0x6d14c000 	C:\Program Files\Java\jre6\bin\awt.dll
0x745b0000 - 0x745f1000 	C:\Windows\system32\WINSPOOL.DRV
0x753f0000 - 0x75584000 	C:\Windows\WinSxS\x86_microsoft.windows.common-controls_6595b64144ccf1df_6.0.6000.16386_none_5d07289e07e1d100\COMCTL32.dll
0x76680000 - 0x766d5000 	C:\Windows\system32\SHLWAPI.dll
0x71a20000 - 0x71a2c000 	C:\Windows\system32\DWMAPI.DLL
0x74f70000 - 0x74faf000 	C:\Windows\system32\uxtheme.dll
0x6d230000 - 0x6d27f000 	C:\Program Files\Java\jre6\bin\fontmanager.dll
0x10000000 - 0x1017a000 	C:\Windows\System32\nview.dll
0x766e0000 - 0x771ae000 	C:\Windows\system32\SHELL32.dll
0x763d0000 - 0x763d7000 	C:\Windows\system32\PSAPI.DLL
0x75680000 - 0x75688000 	C:\Windows\System32\VERSION.dll
0x756b0000 - 0x756d1000 	C:\Windows\system32\NTMARTA.DLL
0x77d20000 - 0x77d69000 	C:\Windows\system32\WLDAP32.dll
0x777b0000 - 0x777dd000 	C:\Windows\system32\WS2_32.dll
0x763e0000 - 0x763e6000 	C:\Windows\system32\NSI.dll
0x75f30000 - 0x75f41000 	C:\Windows\system32\SAMLIB.dll
0x708f0000 - 0x70aaa000 	C:\Windows\system32\d3d9.dll
0x71c70000 - 0x71c76000 	C:\Windows\system32\d3d8thk.dll
0x700e0000 - 0x70842000 	C:\Windows\system32\nvd3dum.dll
0x03c60000 - 0x03d5c000 	C:\Windows\system32\nvapi.dll
0x771b0000 - 0x77339000 	C:\Windows\system32\SETUPAPI.dll
0x75690000 - 0x756aa000 	C:\Windows\system32\powrprof.dll
0x6d600000 - 0x6d613000 	C:\Program Files\Java\jre6\bin\net.dll
0x75a70000 - 0x75aab000 	C:\Windows\system32\mswsock.dll
0x75ad0000 - 0x75ad6000 	C:\Windows\System32\wship6.dll
0x6d620000 - 0x6d629000 	C:\Program Files\Java\jre6\bin\nio.dll
0x76520000 - 0x765a4000 	C:\Windows\system32\CLBCatQ.DLL
0x71390000 - 0x715b3000 	C:\Windows\system32\NetworkExplorer.dll
0x74640000 - 0x746f7000 	C:\Windows\system32\PROPSYS.dll
0x77940000 - 0x77a11000 	C:\Windows\system32\WININET.dll
0x77c50000 - 0x77c53000 	C:\Windows\system32\Normaliz.dll
0x77a20000 - 0x77a65000 	C:\Windows\system32\iertutil.dll
0x710c0000 - 0x711c7000 	C:\Windows\System32\shdocvw.dll
0x76290000 - 0x762ae000 	C:\Windows\system32\USERENV.dll
0x76270000 - 0x76284000 	C:\Windows\system32\Secur32.dll
0x75ed0000 - 0x75ee4000 	C:\Windows\system32\MPR.dll
0x6c9f0000 - 0x6ca02000 	C:\Windows\System32\ntlanman.dll
0x75cb0000 - 0x75d1a000 	C:\Windows\System32\NETAPI32.dll
0x6d490000 - 0x6d498000 	C:\Windows\System32\drprov.dll
0x6d2d0000 - 0x6d2df000 	C:\Windows\System32\davclnt.dll
0x71a10000 - 0x71a1a000 	C:\Windows\system32\cscapi.dll
0x68ce0000 - 0x68f4e000 	C:\Windows\system32\wpdshext.dll
0x74980000 - 0x74b2a000 	C:\Windows\WinSxS\x86_microsoft.windows.gdiplus_6595b64144ccf1df_1.0.6000.16782_none_9ea1072ec96e0be7\gdiplus.dll
0x71a90000 - 0x71ace000 	C:\Windows\system32\PortableDeviceApi.dll
0x751b0000 - 0x751dd000 	C:\Windows\system32\WINTRUST.dll
0x75dd0000 - 0x75ec1000 	C:\Windows\system32\CRYPT32.dll
0x75f10000 - 0x75f22000 	C:\Windows\system32\MSASN1.dll
0x77340000 - 0x77369000 	C:\Windows\system32\imagehlp.dll
0x69700000 - 0x6973f000 	C:\Windows\system32\audiodev.dll
0x68300000 - 0x68556000 	C:\Windows\system32\WMVCore.DLL
0x6a280000 - 0x6a2b9000 	C:\Windows\system32\WMASF.DLL
0x6f710000 - 0x6f719000 	C:\Windows\system32\LINKINFO.dll
0x60300000 - 0x60307000 	C:\Program Files\Yahoo!\Messenger\idle.dll

VM Arguments:
jvm_args: -Dfile.encoding=Cp1252 
java_command: mirroruniverse.sim.ui.MUGUI
Launcher Type: SUN_STANDARD

Environment Variables:
JAVA_HOME="C:\Program Files\Java\jdk1.6.0_07\bin"
PATH=C:/Program Files/Java/jre6/bin/client;C:/Program Files/Java/jre6/bin;C:/Program Files/Java/jre6/lib/i386;C:\Ruby19\bin;C:\Windows\system32;C:\Windows;C:\Windows\System32\Wbem;C:\Program Files\NTRU Cryptosystems\NTRU TCG Software Stack\bin\;C:\Program Files\Wave Systems Corp\Dell Preboot Manager\Access Client\v5\;C:\Program Files\Common Files\Roxio Shared\DLLShared\;c:\Program Files\Microsoft SQL Server\100\Tools\Binn\;c:\Program Files\Microsoft SQL Server\100\DTS\Binn\;C:\strawberry\c\bin;C:\strawberry\perl\bin;C:\Windows\System32\WindowsPowerShell\v1.0\;"C:\Program Files\Java\jdk1.6.0_07\bin";C:\android-sdk-windows\tools;C:\Program Files\Git\cmd;C:\Program Files\Intel\WiFi\bin\;C:\Users\Nate\Documents\eclipse-java-helios-SR2-win32[1]\eclipse;
USERNAME=Nate
OS=Windows_NT
PROCESSOR_IDENTIFIER=x86 Family 6 Model 15 Stepping 10, GenuineIntel



---------------  S Y S T E M  ---------------

OS: Windows Vista Build 6000 

CPU:total 2 (2 cores per cpu, 1 threads per core) family 6 model 15 stepping 10, cmov, cx8, fxsr, mmx, sse, sse2, sse3, ssse3

Memory: 4k page, physical 3667112k(1366604k free), swap 7493104k(5294880k free)

vm_info: Java HotSpot(TM) Client VM (20.4-b02) for windows-x86 JRE (1.6.0_29-b11), built on Oct  3 2011 01:01:08 by "java_re" with MS VC++ 7.1 (VS2003)

time: Tue Nov 22 11:35:53 2011
elapsed time: 3204 seconds

